[debug] [2023-10-01T04:25:28.489Z] ----------------------------------------------------------------------
[debug] [2023-10-01T04:25:28.491Z] Command:       /usr/local/bin/node /usr/local/bin/firebase init hosting
[debug] [2023-10-01T04:25:28.492Z] CLI Version:   12.3.1
[debug] [2023-10-01T04:25:28.492Z] Platform:      darwin
[debug] [2023-10-01T04:25:28.492Z] Node Version:  v19.0.0
[debug] [2023-10-01T04:25:28.492Z] Time:          Sun Oct 01 2023 09:55:28 GMT+0530 (India Standard Time)
[debug] [2023-10-01T04:25:28.492Z] ----------------------------------------------------------------------
[debug] 
[debug] [2023-10-01T04:25:28.496Z] > command requires scopes: ["email","openid","https://www.googleapis.com/auth/cloudplatformprojects.readonly","https://www.googleapis.com/auth/firebase","https://www.googleapis.com/auth/cloud-platform"]
[debug] [2023-10-01T04:25:28.497Z] > authorizing via signed-in user (autolabsprosight@gmail.com)
[info] 
     ######## #### ########  ######## ########     ###     ######  ########
     ##        ##  ##     ## ##       ##     ##  ##   ##  ##       ##
     ######    ##  ########  ######   ########  #########  ######  ######
     ##        ##  ##    ##  ##       ##     ## ##     ##       ## ##
     ##       #### ##     ## ######## ########  ##     ##  ######  ########

You're about to initialize a Firebase project in this directory:

  /Users/parthmahajan/autolabs-landing

[info] 
=== Project Setup
[info] 
[info] First, let's associate this project directory with a Firebase project.
[info] You can create multiple project aliases by running firebase use --add, 
[info] but for now we'll just set up a default project.
[info] 
[debug] [2023-10-01T04:25:30.291Z] >>> [apiv2][query] GET https://firebase.googleapis.com/v1beta1/projects pageSize=100
[debug] [2023-10-01T04:25:32.178Z] <<< [apiv2][status] GET https://firebase.googleapis.com/v1beta1/projects 200
[debug] [2023-10-01T04:25:32.178Z] <<< [apiv2][body] GET https://firebase.googleapis.com/v1beta1/projects [omitted]
[info] i  Using project autolabs-9db39 (Autolabs) 
[info] 
=== Hosting Setup
[info] 
[info] i  Detected a .git folder at /Users/parthmahajan/autolabs-landing 
[info] i  Authorizing with GitHub to upload your service account to a GitHub repository's secrets store. 
[info] 
[info] Visit this URL on this device to log in:
[info] https://github.com/login/oauth/authorize?client_id=89cf50f02ac6aaed3484&state=389112979&redirect_uri=http%3A%2F%2Flocalhost%3A9005&scope=read%3Auser%20repo%20public_repo
[info] 
[info] Waiting for authentication...
[debug] [2023-10-01T04:26:14.657Z] >>> [apiv2][query] POST https://github.com/login/oauth/access_token [none]
[debug] [2023-10-01T04:26:14.658Z] >>> [apiv2][body] POST https://github.com/login/oauth/access_token [stream]
[debug] [2023-10-01T04:26:15.079Z] <<< [apiv2][status] POST https://github.com/login/oauth/access_token 200
[debug] [2023-10-01T04:26:15.079Z] <<< [apiv2][body] POST https://github.com/login/oauth/access_token {"access_token":"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","token_type":"bearer","scope":"read:user,repo"}
[debug] [2023-10-01T04:26:15.090Z] >>> [apiv2][query] GET https://api.github.com/user [none]
[debug] [2023-10-01T04:26:15.510Z] <<< [apiv2][status] GET https://api.github.com/user 200
[debug] [2023-10-01T04:26:15.511Z] <<< [apiv2][body] GET https://api.github.com/user {"login":"parthmahajan008","id":97579934,"node_id":"U_kgDOBdDzng","avatar_url":"https://avatars.githubusercontent.com/u/97579934?v=4","gravatar_id":"","url":"https://api.github.com/users/parthmahajan008","html_url":"https://github.com/parthmahajan008","followers_url":"https://api.github.com/users/parthmahajan008/followers","following_url":"https://api.github.com/users/parthmahajan008/following{/other_user}","gists_url":"https://api.github.com/users/parthmahajan008/gists{/gist_id}","starred_url":"https://api.github.com/users/parthmahajan008/starred{/owner}{/repo}","subscriptions_url":"https://api.github.com/users/parthmahajan008/subscriptions","organizations_url":"https://api.github.com/users/parthmahajan008/orgs","repos_url":"https://api.github.com/users/parthmahajan008/repos","events_url":"https://api.github.com/users/parthmahajan008/events{/privacy}","received_events_url":"https://api.github.com/users/parthmahajan008/received_events","type":"User","site_admin":false,"name":"Parth Mahajan","company":null,"blog":"","location":null,"email":null,"hireable":null,"bio":null,"twitter_username":"parth_809","public_repos":23,"public_gists":0,"followers":6,"following":6,"created_at":"2022-01-12T04:43:19Z","updated_at":"2023-09-24T08:22:04Z","private_gists":0,"total_private_repos":7,"owned_private_repos":7,"disk_usage":1003323,"collaborators":2,"two_factor_authentication":false,"plan":{"name":"pro","space":976562499,"collaborators":0,"private_repos":9999}}
[info] 
[info] ✔  Success! Logged into GitHub as parthmahajan008 
[info] 
